<?xml version="1.0" encoding="UTF-8"?>
<!-- Generated by org.testng.reporters.JUnitReportReporter -->
<testsuite skipped="0" hostname="DESKTOP-BC21NU3" name="MercuryTours.MercuryTestSuite" tests="2" failures="0" timestamp="23 Sep 2018 10:55:02 GMT" time="4.801" errors="0">
  <testcase name="userRegistration" time="3.503" classname="MercuryTours.MercuryTestSuite"/>
  <testcase name="clickRegistration" time="1.298" classname="MercuryTours.MercuryTestSuite"/>
</testsuite> <!-- MercuryTours.MercuryTestSuite -->
