<?xml version="1.0" encoding="UTF-8"?>
<!-- Generated by org.testng.reporters.JUnitReportReporter -->
<testsuite skipped="0" hostname="DESKTOP-BC21NU3" name="MercuryTours.NewTest" tests="1" failures="0" timestamp="23 Sep 2018 11:03:24 GMT" time="0.015" errors="0">
  <testcase name="newTest" time="0.015" classname="MercuryTours.NewTest"/>
</testsuite> <!-- MercuryTours.NewTest -->
