<?xml version="1.0" encoding="UTF-8"?>
<!-- Generated by org.testng.reporters.JUnitReportReporter -->
<testsuite skipped="0" hostname="DESKTOP-BC21NU3" name="MercuryTours.MercuryTestSuite" tests="2" failures="0" timestamp="23 Sep 2018 10:45:29 GMT" time="3.933" errors="0">
  <testcase name="clickRegistration" time="1.302" classname="MercuryTours.MercuryTestSuite"/>
  <testcase name="userRegistration" time="2.631" classname="MercuryTours.MercuryTestSuite"/>
</testsuite> <!-- MercuryTours.MercuryTestSuite -->
