<?xml version="1.0" encoding="UTF-8"?>
<!-- Generated by org.testng.reporters.JUnitReportReporter -->
<testsuite skipped="0" hostname="DESKTOP-BC21NU3" name="testpackage.QaTest" tests="4" failures="0" timestamp="23 Sep 2018 03:10:21 GMT" time="11.252" errors="0">
  <testcase name="addTest2" time="0.002" classname="testpackage.QaTest"/>
  <testcase name="addTest1" time="0.006" classname="testpackage.QaTest"/>
  <testcase name="addTest3" time="0.002" classname="testpackage.QaTest"/>
  <testcase name="addTestDriver" time="11.242" classname="testpackage.QaTest"/>
</testsuite> <!-- testpackage.QaTest -->
